<?xml version="1.0" encoding="UTF-8"?>
<!-- Generated by org.testng.reporters.JUnitReportReporter -->
<testsuite hostname="DESKTOP-MR534F9" name="com.example.BasicApplicationTests" tests="1" failures="0" timestamp="23 Dec 2017 12:01:16 GMT" time="0.070" errors="0">
  <testcase name="contextLoads" time="0.070" classname="com.example.BasicApplicationTests"/>
</testsuite> <!-- com.example.BasicApplicationTests -->
